<?xml version="1.0" encoding="UTF-8"?>
<testsuite name="BlockTest" tests="3" skipped="0" failures="0" errors="0" timestamp="2015-07-15T19:58:18" hostname="D1120039749" time="0.005">
  <properties/>
  <testcase name="TShapeTranslateDownBlockPositionsTest" classname="BlockTest" time="0.005"/>
  <testcase name="TShapeTranslateDownLeftBlockPositionsTest" classname="BlockTest" time="0.0"/>
  <testcase name="TShapeInitialBlockPositionsTest" classname="BlockTest" time="0.0"/>
  <system-out><![CDATA[]]></system-out>
  <system-err><![CDATA[]]></system-err>
</testsuite>
